0 info it worked if it ends with ok
1 verbose cli [ '/usr/bin/node', '/usr/bin/npm', 'publish' ]
2 info using npm@1.3.14
3 info using node@v0.10.22
4 verbose publish [ '.' ]
5 verbose cache add [ '.', null ]
6 verbose cache add name=undefined spec="." args=[".",null]
7 verbose parsed url { protocol: null,
7 verbose parsed url   slashes: null,
7 verbose parsed url   auth: null,
7 verbose parsed url   host: null,
7 verbose parsed url   port: null,
7 verbose parsed url   hostname: null,
7 verbose parsed url   hash: null,
7 verbose parsed url   search: null,
7 verbose parsed url   query: null,
7 verbose parsed url   pathname: '.',
7 verbose parsed url   path: '.',
7 verbose parsed url   href: '.' }
8 silly lockFile 3a52ce78- .
9 verbose lock . /home/aconbere/.npm/3a52ce78-.lock
10 verbose tar pack [ '/home/aconbere/tmp/npm-11728-FjEme7N6/1386692737452-0.06938494322821498/tmp.tgz',
10 verbose tar pack   '.' ]
11 verbose tarball /home/aconbere/tmp/npm-11728-FjEme7N6/1386692737452-0.06938494322821498/tmp.tgz
12 verbose folder .
13 info prepublish file@0.2.1
14 silly lockFile 1f1177db-tar tar://.
15 verbose lock tar://. /home/aconbere/.npm/1f1177db-tar.lock
16 silly lockFile afd6fc8a-7452-0-06938494322821498-tmp-tgz tar:///home/aconbere/tmp/npm-11728-FjEme7N6/1386692737452-0.06938494322821498/tmp.tgz
17 verbose lock tar:///home/aconbere/tmp/npm-11728-FjEme7N6/1386692737452-0.06938494322821498/tmp.tgz /home/aconbere/.npm/afd6fc8a-7452-0-06938494322821498-tmp-tgz.lock
18 silly lockFile 1f1177db-tar tar://.
19 silly lockFile 1f1177db-tar tar://.
20 silly lockFile afd6fc8a-7452-0-06938494322821498-tmp-tgz tar:///home/aconbere/tmp/npm-11728-FjEme7N6/1386692737452-0.06938494322821498/tmp.tgz
21 silly lockFile afd6fc8a-7452-0-06938494322821498-tmp-tgz tar:///home/aconbere/tmp/npm-11728-FjEme7N6/1386692737452-0.06938494322821498/tmp.tgz
22 verbose tar unpack /home/aconbere/tmp/npm-11728-FjEme7N6/1386692737452-0.06938494322821498/tmp.tgz
23 silly lockFile 6e4c87a2-7452-0-06938494322821498-package tar:///home/aconbere/tmp/npm-11728-FjEme7N6/1386692737452-0.06938494322821498/package
24 verbose lock tar:///home/aconbere/tmp/npm-11728-FjEme7N6/1386692737452-0.06938494322821498/package /home/aconbere/.npm/6e4c87a2-7452-0-06938494322821498-package.lock
25 silly lockFile afd6fc8a-7452-0-06938494322821498-tmp-tgz tar:///home/aconbere/tmp/npm-11728-FjEme7N6/1386692737452-0.06938494322821498/tmp.tgz
26 verbose lock tar:///home/aconbere/tmp/npm-11728-FjEme7N6/1386692737452-0.06938494322821498/tmp.tgz /home/aconbere/.npm/afd6fc8a-7452-0-06938494322821498-tmp-tgz.lock
27 silly gunzTarPerm modes [ '755', '644' ]
28 silly gunzTarPerm extractEntry package.json
29 silly gunzTarPerm extractEntry .npmignore
30 silly gunzTarPerm extractEntry README.md
31 silly gunzTarPerm extractEntry LICENSE
32 silly gunzTarPerm extractEntry lib/file.js
33 silly gunzTarPerm extractEntry tests/file_spec.js
34 silly lockFile 6e4c87a2-7452-0-06938494322821498-package tar:///home/aconbere/tmp/npm-11728-FjEme7N6/1386692737452-0.06938494322821498/package
35 silly lockFile 6e4c87a2-7452-0-06938494322821498-package tar:///home/aconbere/tmp/npm-11728-FjEme7N6/1386692737452-0.06938494322821498/package
36 silly lockFile afd6fc8a-7452-0-06938494322821498-tmp-tgz tar:///home/aconbere/tmp/npm-11728-FjEme7N6/1386692737452-0.06938494322821498/tmp.tgz
37 silly lockFile afd6fc8a-7452-0-06938494322821498-tmp-tgz tar:///home/aconbere/tmp/npm-11728-FjEme7N6/1386692737452-0.06938494322821498/tmp.tgz
38 verbose tar pack [ '/home/aconbere/.npm/file/0.2.1/package.tgz',
38 verbose tar pack   '/home/aconbere/tmp/npm-11728-FjEme7N6/1386692737452-0.06938494322821498/package' ]
39 verbose tarball /home/aconbere/.npm/file/0.2.1/package.tgz
40 verbose folder /home/aconbere/tmp/npm-11728-FjEme7N6/1386692737452-0.06938494322821498/package
41 silly lockFile 6e4c87a2-7452-0-06938494322821498-package tar:///home/aconbere/tmp/npm-11728-FjEme7N6/1386692737452-0.06938494322821498/package
42 verbose lock tar:///home/aconbere/tmp/npm-11728-FjEme7N6/1386692737452-0.06938494322821498/package /home/aconbere/.npm/6e4c87a2-7452-0-06938494322821498-package.lock
43 silly lockFile d291fad2-nbere-npm-file-0-2-1-package-tgz tar:///home/aconbere/.npm/file/0.2.1/package.tgz
44 verbose lock tar:///home/aconbere/.npm/file/0.2.1/package.tgz /home/aconbere/.npm/d291fad2-nbere-npm-file-0-2-1-package-tgz.lock
45 silly lockFile 6e4c87a2-7452-0-06938494322821498-package tar:///home/aconbere/tmp/npm-11728-FjEme7N6/1386692737452-0.06938494322821498/package
46 silly lockFile 6e4c87a2-7452-0-06938494322821498-package tar:///home/aconbere/tmp/npm-11728-FjEme7N6/1386692737452-0.06938494322821498/package
47 silly lockFile d291fad2-nbere-npm-file-0-2-1-package-tgz tar:///home/aconbere/.npm/file/0.2.1/package.tgz
48 silly lockFile d291fad2-nbere-npm-file-0-2-1-package-tgz tar:///home/aconbere/.npm/file/0.2.1/package.tgz
49 silly lockFile 8f38d964--aconbere-npm-file-0-2-1-package /home/aconbere/.npm/file/0.2.1/package
50 verbose lock /home/aconbere/.npm/file/0.2.1/package /home/aconbere/.npm/8f38d964--aconbere-npm-file-0-2-1-package.lock
51 silly lockFile 8f38d964--aconbere-npm-file-0-2-1-package /home/aconbere/.npm/file/0.2.1/package
52 silly lockFile 8f38d964--aconbere-npm-file-0-2-1-package /home/aconbere/.npm/file/0.2.1/package
53 verbose tar unpack /home/aconbere/.npm/file/0.2.1/package.tgz
54 silly lockFile 94a72581--aconbere-npm-file-0-2-1-package tar:///home/aconbere/.npm/file/0.2.1/package
55 verbose lock tar:///home/aconbere/.npm/file/0.2.1/package /home/aconbere/.npm/94a72581--aconbere-npm-file-0-2-1-package.lock
56 silly lockFile d291fad2-nbere-npm-file-0-2-1-package-tgz tar:///home/aconbere/.npm/file/0.2.1/package.tgz
57 verbose lock tar:///home/aconbere/.npm/file/0.2.1/package.tgz /home/aconbere/.npm/d291fad2-nbere-npm-file-0-2-1-package-tgz.lock
58 silly gunzTarPerm modes [ '755', '644' ]
59 silly gunzTarPerm extractEntry package.json
60 silly gunzTarPerm extractEntry .npmignore
61 silly gunzTarPerm extractEntry README.md
62 silly gunzTarPerm extractEntry LICENSE
63 silly gunzTarPerm extractEntry lib/file.js
64 silly gunzTarPerm extractEntry tests/file_spec.js
65 silly lockFile 94a72581--aconbere-npm-file-0-2-1-package tar:///home/aconbere/.npm/file/0.2.1/package
66 silly lockFile 94a72581--aconbere-npm-file-0-2-1-package tar:///home/aconbere/.npm/file/0.2.1/package
67 silly lockFile d291fad2-nbere-npm-file-0-2-1-package-tgz tar:///home/aconbere/.npm/file/0.2.1/package.tgz
68 silly lockFile d291fad2-nbere-npm-file-0-2-1-package-tgz tar:///home/aconbere/.npm/file/0.2.1/package.tgz
69 verbose chmod /home/aconbere/.npm/file/0.2.1/package.tgz 644
70 verbose chown /home/aconbere/.npm/file/0.2.1/package.tgz [ 1000, 1000 ]
71 silly lockFile 3a52ce78- .
72 silly lockFile 3a52ce78- .
73 silly publish { name: 'file',
73 silly publish   description: 'Higher level path and file manipulation functions.',
73 silly publish   tags: [ 'file', 'path', 'fs', 'walk' ],
73 silly publish   version: '0.2.1',
73 silly publish   author: { name: 'Anders Conbere', email: 'aconbere@gmail.com' },
73 silly publish   directories: { lib: 'lib' },
73 silly publish   repository:
73 silly publish    { type: 'git',
73 silly publish      url: 'http://github.com/aconbere/node-file-utils.git' },
73 silly publish   bugs: { url: 'http://github.com/aconbere/node-file-utils' },
73 silly publish   main: './lib/file',
73 silly publish   license: 'MIT',
73 silly publish   devDependencies: { mocha: '1.9.x' },
73 silly publish   readme: '# File - Common higher level file and path operations\n\n## Install\n\n<pre>\n  npm install file\n</pre>\n\n<pre>\n  var file = require("file");\n</pre>\n\n## API\n\n### file.walk(start, callback)\n\nNavigates a file tree, calling callback for each directory, passing in (null, dirPath, dirs, files).\n\n\n### file.walkSync(start, callback)\n\nSynchronus version of file.walk, calling callback for each directory, passing in (dirPath, dirs, files).\n\n\n### file.mkdirs(path, mode, callback)\n\nMakes all the directories in a path. (analgous to mkdir -P) For example given a path like "test/this/path" in an empty directory, mkdirs would make the directories "test", "this" and "path".\n\n\n### file.mkdirsSync(path, mode)\n\nLike file.mkdirs but synchronous.\n\n\n### file.path.abspath(path)\n\nExpands ".", "..", "~" and non root paths to their full absolute path. Relative paths default to being children of the current working directory.\n\n\n### file.path.relativePath(root, fullPath)\n\nGiven a root path, and a fullPath attempts to diff between the two to give us an acurate path relative to root.\n\n\n### file.path.join(head, tail)\n\nJust like path.join but haves a little more sanely when give a head equal to "". file.path.join("", "tail") returns "tail", path.join("", "tail") returns "/tail"\n',
73 silly publish   readmeFilename: 'README.md',
73 silly publish   homepage: 'https://github.com/aconbere/node-file-utils',
73 silly publish   _id: 'file@0.2.1',
73 silly publish   dist: { shasum: 'c388b0d6790bfdceae3656a99925a12c2eb2b633' },
73 silly publish   _from: '.' }
74 verbose url raw file
75 verbose url resolving [ 'https://registry.npmjs.org/', './file' ]
76 verbose url resolved https://registry.npmjs.org/file
77 info trying registry request attempt 1 at 08:25:38
78 http PUT https://registry.npmjs.org/file
79 http 409 https://registry.npmjs.org/file
80 verbose url raw file
81 verbose url resolving [ 'https://registry.npmjs.org/', './file' ]
82 verbose url resolved https://registry.npmjs.org/file
83 info trying registry request attempt 1 at 08:25:38
84 http GET https://registry.npmjs.org/file
85 http 200 https://registry.npmjs.org/file
86 error publish fail Cannot publish over existing version.
86 error publish fail Update the 'version' field in package.json and try again.
86 error publish fail
86 error publish fail If the previous version was published in error, see:
86 error publish fail     npm help unpublish
86 error publish fail
86 error publish fail To automatically increment version numbers, see:
86 error publish fail     npm help version
87 error System Linux 3.12.3-1-ARCH
88 error command "/usr/bin/node" "/usr/bin/npm" "publish"
89 error cwd /home/aconbere/Projects/node/node-file-utils
90 error node -v v0.10.22
91 error npm -v 1.3.14
92 error code EPUBLISHCONFLICT
93 verbose exit [ 1, true ]
